Using pre-set license
Built from '2020.3/staging' branch; Version is '2020.3.9f1 (108be757e447) revision 1084391'; Using compiler version '192528614'; Build Type 'Release'
OS: 'Windows 10 Home Single Language; OS build 19042.1052; Version 2009; 64bit' Language: 'ru' Physical Memory: 8047 MB
BatchMode: 1, IsHumanControllingUs: 0, StartBugReporterOnCrash: 0, Is64bit: 1, IsPro: 0

 COMMAND LINE ARGUMENTS:
C:\Program Files\Unity\Hub\Editor\2020.3.9f1\Editor\Unity.exe
-adb2
-batchMode
-noUpm
-name
AssetImportWorker0
-projectPath
D:/Projects/Flight
-logFile
Logs/AssetImportWorker0.log
-srvPort
56475
Successfully changed project path to: D:/Projects/Flight
D:/Projects/Flight
Using Asset Import Pipeline V2.
Refreshing native plugins compatible for Editor in 105.75 ms, found 3 plugins.
Preloading 0 native plugins for Editor in 0.00 ms.
Initialize engine version: 2020.3.9f1 (108be757e447)
[Subsystems] Discovering subsystems at path C:/Program Files/Unity/Hub/Editor/2020.3.9f1/Editor/Data/Resources/UnitySubsystems
[Subsystems] Discovering subsystems at path D:/Projects/Flight/Assets
GfxDevice: creating device client; threaded=0
Direct3D:
    Version:  Direct3D 11.0 [level 11.0]
    Renderer: NVIDIA GeForce GT 645M (ID=0xfd9)
    Vendor:   
    VRAM:     2007 MB
    Driver:   25.21.14.2531
Initialize mono
Mono path[0] = 'C:/Program Files/Unity/Hub/Editor/2020.3.9f1/Editor/Data/Managed'
Mono path[1] = 'C:/Program Files/Unity/Hub/Editor/2020.3.9f1/Editor/Data/MonoBleedingEdge/lib/mono/unityjit'
Mono config path = 'C:/Program Files/Unity/Hub/Editor/2020.3.9f1/Editor/Data/MonoBleedingEdge/etc'
Using monoOptions --debugger-agent=transport=dt_socket,embedding=1,server=y,suspend=n,address=127.0.0.1:56564
Begin MonoManager ReloadAssembly
Registering precompiled unity dll's ...
Register platform support module: C:/Program Files/Unity/Hub/Editor/2020.3.9f1/Editor/Data/PlaybackEngines/WindowsStandaloneSupport/UnityEditor.WindowsStandalone.Extensions.dll
Registered in 0.004589 seconds.
Native extension for WindowsStandalone target not found
Refreshing native plugins compatible for Editor in 143.02 ms, found 3 plugins.
Preloading 0 native plugins for Editor in 0.00 ms.
Mono: successfully reloaded assembly
- Completed reload, in  6.457 seconds
Platform modules already initialized, skipping
Registering precompiled user dll's ...
Registered in 0.004470 seconds.
Begin MonoManager ReloadAssembly
Native extension for WindowsStandalone target not found
Refreshing native plugins compatible for Editor in 128.14 ms, found 3 plugins.
Preloading 0 native plugins for Editor in 0.00 ms.
Mono: successfully reloaded assembly
- Completed reload, in  2.613 seconds
Platform modules already initialized, skipping
========================================================================
Worker process is ready to serve import requests
Launched and connected shader compiler UnityShaderCompiler.exe after 0.09 seconds
Refreshing native plugins compatible for Editor in 0.67 ms, found 3 plugins.
Preloading 0 native plugins for Editor in 0.00 ms.
Unloading 2703 Unused Serialized files (Serialized files now loaded: 0)
System memory in use before: 110.7 MB.
System memory in use after: 110.9 MB.

Unloading 17 unused Assets to reduce memory usage. Loaded Objects now: 3145.
Total: 7.309800 ms (FindLiveObjects: 0.823600 ms CreateObjectMapping: 0.444100 ms MarkObjects: 5.870900 ms  DeleteObjects: 0.168400 ms)

========================================================================
Received Import Request.
  path: Assets/AllSkyFree/Cartoon Base BlueSky/Sky_Day_BlueSky_Nothing_Cam_1_Back-Z.png
  artifactKey: Guid(33cbefefe2c7f4e77ac959c74eef5d4d) Importer(815301076,1909f56bfc062723c751e8b465ee728b)
Start importing Assets/AllSkyFree/Cartoon Base BlueSky/Sky_Day_BlueSky_Nothing_Cam_1_Back-Z.png using Guid(33cbefefe2c7f4e77ac959c74eef5d4d) Importer(815301076,1909f56bfc062723c751e8b465ee728b)  -> (artifact id: '30d562ebfa40e8cb522c951af58399dc') in 0.218411 seconds
  Import took 0.231011 seconds .

========================================================================
Received Import Request.
  Time since last request: 0.000548 seconds.
  path: Assets/AllSkyFree/AllSkyDemoEnvironment/Moon Glare.flare
  artifactKey: Guid(241af96f1ab544ef09a3a66d01d8c862) Importer(815301076,1909f56bfc062723c751e8b465ee728b)
Start importing Assets/AllSkyFree/AllSkyDemoEnvironment/Moon Glare.flare using Guid(241af96f1ab544ef09a3a66d01d8c862) Importer(815301076,1909f56bfc062723c751e8b465ee728b)  -> (artifact id: 'e13586467f10555282afe5f062872e37') in 0.009448 seconds
  Import took 0.024397 seconds .

========================================================================
Received Import Request.
  Time since last request: 0.000318 seconds.
  path: Assets/AllSkyFree/AllSkyDemoEnvironment/MoonGlow.prefab
  artifactKey: Guid(0f1bb6c00f49e47b4b8c078bd9c1bf14) Importer(815301076,1909f56bfc062723c751e8b465ee728b)
Start importing Assets/AllSkyFree/AllSkyDemoEnvironment/MoonGlow.prefab using Guid(0f1bb6c00f49e47b4b8c078bd9c1bf14) Importer(815301076,1909f56bfc062723c751e8b465ee728b)  -> (artifact id: 'ca4cc59d54087618b4a87e88b529963c') in 0.025999 seconds
  Import took 0.038635 seconds .

========================================================================
Received Import Request.
  Time since last request: 0.000327 seconds.
  path: Assets/AllSkyFree/AllSkyDemoEnvironment/AllSkyDemoEnvironment_Unity4.prefab
  artifactKey: Guid(a4d020d60b18649af92bb2a05e00d513) Importer(815301076,1909f56bfc062723c751e8b465ee728b)
Start importing Assets/AllSkyFree/AllSkyDemoEnvironment/AllSkyDemoEnvironment_Unity4.prefab using Guid(a4d020d60b18649af92bb2a05e00d513) Importer(815301076,1909f56bfc062723c751e8b465ee728b)  -> (artifact id: '6e3c20c306895214748106449457ee3b') in 1.299786 seconds
  Import took 1.315808 seconds .

========================================================================
Received Import Request.
  Time since last request: 0.000342 seconds.
  path: Assets/AllSkyFree
  artifactKey: Guid(4890581d0bcf53d4897f29d4b04a73f3) Importer(815301076,1909f56bfc062723c751e8b465ee728b)
Start importing Assets/AllSkyFree using Guid(4890581d0bcf53d4897f29d4b04a73f3) Importer(815301076,1909f56bfc062723c751e8b465ee728b)  -> (artifact id: '195401c1de665715678394bdaccd3799') in 0.003298 seconds
  Import took 0.015782 seconds .

========================================================================
Received Import Request.
  Time since last request: 0.000117 seconds.
  path: Assets/AllSkyFree/AllSkyDemoEnvironment
  artifactKey: Guid(baf6d48a8e73a44459aae609e441a271) Importer(815301076,1909f56bfc062723c751e8b465ee728b)
Start importing Assets/AllSkyFree/AllSkyDemoEnvironment using Guid(baf6d48a8e73a44459aae609e441a271) Importer(815301076,1909f56bfc062723c751e8b465ee728b)  -> (artifact id: 'e36d56b49ea3561cf366028696d2aaa2') in 0.004274 seconds
  Import took 0.022928 seconds .

========================================================================
Received Import Request.
  Time since last request: 0.000407 seconds.
  path: Assets/AllSkyFree/Cartoon Base BlueSky
  artifactKey: Guid(9f633969e0c5e4bfeba8bb43b5348d81) Importer(815301076,1909f56bfc062723c751e8b465ee728b)
Start importing Assets/AllSkyFree/Cartoon Base BlueSky using Guid(9f633969e0c5e4bfeba8bb43b5348d81) Importer(815301076,1909f56bfc062723c751e8b465ee728b)  -> (artifact id: 'bafdc482f2a5fd4fc2642bdfad70bf3f') in 0.002774 seconds
  Import took 0.024549 seconds .

========================================================================
Received Import Request.
  Time since last request: 0.000365 seconds.
  path: Assets/AllSkyFree/AllSkyDemoEnvironment/AllSky_DemoEnvironment02.fbx
  artifactKey: Guid(cca7a715222e33c49b541a5f7de8f6f2) Importer(815301076,1909f56bfc062723c751e8b465ee728b)
Start importing Assets/AllSkyFree/AllSkyDemoEnvironment/AllSky_DemoEnvironment02.fbx using Guid(cca7a715222e33c49b541a5f7de8f6f2) Importer(815301076,1909f56bfc062723c751e8b465ee728b)  -> (artifact id: '6e5b4117bc16ed52ca183124fd26a121') in 0.227368 seconds
  Import took 0.236457 seconds .

========================================================================
Received Import Request.
  Time since last request: 0.000644 seconds.
  path: Assets/AllSkyFree/Cartoon Base BlueSky/Sky_Day_BlueSky_Nothing_Cam_5_Down-Y.png
  artifactKey: Guid(4c119b81b42684c39873d7738564bcdd) Importer(815301076,1909f56bfc062723c751e8b465ee728b)
Start importing Assets/AllSkyFree/Cartoon Base BlueSky/Sky_Day_BlueSky_Nothing_Cam_5_Down-Y.png using Guid(4c119b81b42684c39873d7738564bcdd) Importer(815301076,1909f56bfc062723c751e8b465ee728b)  -> (artifact id: '8674925539f15f563781c3a62c9d9ec3') in 0.015279 seconds
  Import took 0.024870 seconds .

========================================================================
Received Import Request.
  Time since last request: 0.000333 seconds.
  path: Assets/AllSkyFree/Cartoon Base BlueSky/Sky_Day_BlueSky_Nothing_Cam_0_Front+Z.png
  artifactKey: Guid(d731d71c2b8e94c18b5ef8be277e6773) Importer(815301076,1909f56bfc062723c751e8b465ee728b)
Start importing Assets/AllSkyFree/Cartoon Base BlueSky/Sky_Day_BlueSky_Nothing_Cam_0_Front+Z.png using Guid(d731d71c2b8e94c18b5ef8be277e6773) Importer(815301076,1909f56bfc062723c751e8b465ee728b)  -> (artifact id: '12a2fd6d308d3ec1856093c3975a991c') in 0.067160 seconds
  Import took 0.098642 seconds .

========================================================================
Received Import Request.
  Time since last request: 0.000439 seconds.
  path: Assets/AllSkyFree/AllSkyDemoEnvironment/HowToUpResSkies.png
  artifactKey: Guid(5f86fefc3a6bd4b1998b38ab48808f10) Importer(815301076,1909f56bfc062723c751e8b465ee728b)
Start importing Assets/AllSkyFree/AllSkyDemoEnvironment/HowToUpResSkies.png using Guid(5f86fefc3a6bd4b1998b38ab48808f10) Importer(815301076,1909f56bfc062723c751e8b465ee728b)  -> (artifact id: 'f510d8630f9be63f3a85964b8614ff66') in 0.062127 seconds
  Import took 0.072105 seconds .

========================================================================
Received Import Request.
  Time since last request: 0.000544 seconds.
  path: Assets/AllSkyFree/AllSkyDemoEnvironment/AllSky_DemoEnvironment.fbx
  artifactKey: Guid(3016c1d519731466ebd747543eef9970) Importer(815301076,1909f56bfc062723c751e8b465ee728b)
Start importing Assets/AllSkyFree/AllSkyDemoEnvironment/AllSky_DemoEnvironment.fbx using Guid(3016c1d519731466ebd747543eef9970) Importer(815301076,1909f56bfc062723c751e8b465ee728b)  -> (artifact id: '71f7a567f44069122adf4038727706d0') in 0.057577 seconds
  Import took 0.068068 seconds .

========================================================================
Received Import Request.
  Time since last request: 0.000474 seconds.
  path: Assets/AllSkyFree/Cartoon Base BlueSky/Sky_Day_BlueSky_Nothing_Cam_4_Up+Y.png
  artifactKey: Guid(5cf2d5ca2357a4d4fb98ebc5b6034e72) Importer(815301076,1909f56bfc062723c751e8b465ee728b)
Start importing Assets/AllSkyFree/Cartoon Base BlueSky/Sky_Day_BlueSky_Nothing_Cam_4_Up+Y.png using Guid(5cf2d5ca2357a4d4fb98ebc5b6034e72) Importer(815301076,1909f56bfc062723c751e8b465ee728b)  -> (artifact id: 'd3c90db50a43cef246a4e64c9089c888') in 0.013556 seconds
  Import took 0.028972 seconds .

========================================================================
Received Import Request.
  Time since last request: 0.000422 seconds.
  path: Assets/AllSkyFree/AllSkyDemoEnvironment/SunGlare.psd
  artifactKey: Guid(0309f746e292a4772b7e81facce34e28) Importer(815301076,1909f56bfc062723c751e8b465ee728b)
Start importing Assets/AllSkyFree/AllSkyDemoEnvironment/SunGlare.psd using Guid(0309f746e292a4772b7e81facce34e28) Importer(815301076,1909f56bfc062723c751e8b465ee728b)  -> (artifact id: '49873bf256e05cb54c49fa9a9f468259') in 0.018734 seconds
  Import took 0.034745 seconds .

========================================================================
Received Import Request.
  Time since last request: 0.000506 seconds.
  path: Assets/AllSkyFree/AllSkyDemoEnvironment/AllSky_Logo.png
  artifactKey: Guid(a5075efb0c5504a389b38cf795aabf4c) Importer(815301076,1909f56bfc062723c751e8b465ee728b)
Start importing Assets/AllSkyFree/AllSkyDemoEnvironment/AllSky_Logo.png using Guid(a5075efb0c5504a389b38cf795aabf4c) Importer(815301076,1909f56bfc062723c751e8b465ee728b)  -> (artifact id: '5248f9f063c2d77c97d45f0d82578078') in 0.036474 seconds
  Import took 0.046708 seconds .

========================================================================
Received Import Request.
  Time since last request: 0.000470 seconds.
  path: Assets/AllSkyFree/Cartoon Base BlueSky/Sky_Day_BlueSky_Nothing_Cam_3_Right-X.png
  artifactKey: Guid(d3b809c8b33ff46faa4245f0bca7e6fe) Importer(815301076,1909f56bfc062723c751e8b465ee728b)
Start importing Assets/AllSkyFree/Cartoon Base BlueSky/Sky_Day_BlueSky_Nothing_Cam_3_Right-X.png using Guid(d3b809c8b33ff46faa4245f0bca7e6fe) Importer(815301076,1909f56bfc062723c751e8b465ee728b)  -> (artifact id: '1c3284a2d33ea11439879d571edc0d05') in 0.039452 seconds
  Import took 0.070064 seconds .

========================================================================
Received Import Request.
  Time since last request: 0.000350 seconds.
  path: Assets/AllSkyFree/AllSkyDemoEnvironment/Sun Glare.flare
  artifactKey: Guid(436034cf81451448691149d6bc008327) Importer(815301076,1909f56bfc062723c751e8b465ee728b)
Start importing Assets/AllSkyFree/AllSkyDemoEnvironment/Sun Glare.flare using Guid(436034cf81451448691149d6bc008327) Importer(815301076,1909f56bfc062723c751e8b465ee728b)  -> (artifact id: 'efd827d4c22e0531907cb260eb3e8fed') in 0.005376 seconds
  Import took 0.022475 seconds .

========================================================================
Received Import Request.
  Time since last request: 0.000092 seconds.
  path: Assets/AllSkyFree/Cartoon Base BlueSky/Day_BlueSky_Nothing Equirect.mat
  artifactKey: Guid(73324b55f67f54c7bbf43204788b8bbe) Importer(815301076,1909f56bfc062723c751e8b465ee728b)
Start importing Assets/AllSkyFree/Cartoon Base BlueSky/Day_BlueSky_Nothing Equirect.mat using Guid(73324b55f67f54c7bbf43204788b8bbe) Importer(815301076,1909f56bfc062723c751e8b465ee728b)  -> (artifact id: '4e361da6843264510adf0a987dae0bba') in 0.382289 seconds
  Import took 0.403067 seconds .

========================================================================
Received Import Request.
  Time since last request: 0.000502 seconds.
  path: Assets/AllSkyFree/Cartoon Base BlueSky/Sky_Day_BlueSky_Nothing_Cam_2_Left+X.png
  artifactKey: Guid(6b8f010ba933d4f01bdedec2c1a8a025) Importer(815301076,1909f56bfc062723c751e8b465ee728b)
Start importing Assets/AllSkyFree/Cartoon Base BlueSky/Sky_Day_BlueSky_Nothing_Cam_2_Left+X.png using Guid(6b8f010ba933d4f01bdedec2c1a8a025) Importer(815301076,1909f56bfc062723c751e8b465ee728b)  -> (artifact id: '3d52307b289ee96a63a9f1dfc6f72b48') in 0.025833 seconds
  Import took 0.047095 seconds .

========================================================================
Received Import Request.
  Time since last request: 0.000562 seconds.
  path: Assets/AllSkyFree/Cartoon Base BlueSky/Day_BlueSky_Nothing.mat
  artifactKey: Guid(c56e28e54cac24b04ae3dd957d214534) Importer(815301076,1909f56bfc062723c751e8b465ee728b)
Start importing Assets/AllSkyFree/Cartoon Base BlueSky/Day_BlueSky_Nothing.mat using Guid(c56e28e54cac24b04ae3dd957d214534) Importer(815301076,1909f56bfc062723c751e8b465ee728b)  -> (artifact id: '48366b293bf7776793acbf29ad6eb0bb') in 0.051704 seconds
  Import took 0.066747 seconds .

========================================================================
Received Import Request.
  Time since last request: 0.000381 seconds.
  path: Assets/AllSkyFree/AllSkyDemoEnvironment/BlackTransparentGradient.png
  artifactKey: Guid(5fcdc8d88900447cbacc2451e4e54427) Importer(815301076,1909f56bfc062723c751e8b465ee728b)
Start importing Assets/AllSkyFree/AllSkyDemoEnvironment/BlackTransparentGradient.png using Guid(5fcdc8d88900447cbacc2451e4e54427) Importer(815301076,1909f56bfc062723c751e8b465ee728b)  -> (artifact id: '28fecd0dbb64319e9b3eddd770493ac3') in 0.041587 seconds
  Import took 0.056255 seconds .

========================================================================
Received Import Request.
  Time since last request: 0.000219 seconds.
  path: Assets/AllSkyFree/AllSkyDemoEnvironment/SunGlow.prefab
  artifactKey: Guid(6e58b6f7d760a4942b5d1887cdb4a815) Importer(815301076,1909f56bfc062723c751e8b465ee728b)
Start importing Assets/AllSkyFree/AllSkyDemoEnvironment/SunGlow.prefab using Guid(6e58b6f7d760a4942b5d1887cdb4a815) Importer(815301076,1909f56bfc062723c751e8b465ee728b)  -> (artifact id: 'aa0e0d6f38a915f20e5afece4a9b807f') in 0.014888 seconds
  Import took 0.038805 seconds .

========================================================================
Received Import Request.
  Time since last request: 0.000471 seconds.
  path: Assets/AllSkyFree/AllSkyDemoEnvironment/AdditiveSprite.mat
  artifactKey: Guid(aa556f6275fc744de969c712a17350e7) Importer(815301076,1909f56bfc062723c751e8b465ee728b)
Start importing Assets/AllSkyFree/AllSkyDemoEnvironment/AdditiveSprite.mat using Guid(aa556f6275fc744de969c712a17350e7) Importer(815301076,1909f56bfc062723c751e8b465ee728b)  -> (artifact id: '626484a67a7af46f46c6f4c541fa8d7e') in 0.015555 seconds
  Import took 0.048592 seconds .

========================================================================
Received Import Request.
  Time since last request: 0.001393 seconds.
  path: Assets/AllSkyFree/Cartoon Base BlueSky/Sky_Day_BlueSky_Equirect.png
  artifactKey: Guid(d4c8dc343ae5d4673b7720ffdb1ddf00) Importer(815301076,1909f56bfc062723c751e8b465ee728b)
Start importing Assets/AllSkyFree/Cartoon Base BlueSky/Sky_Day_BlueSky_Equirect.png using Guid(d4c8dc343ae5d4673b7720ffdb1ddf00) Importer(815301076,1909f56bfc062723c751e8b465ee728b)  -> (artifact id: 'e363e4d21ba9e31f89e9068844906ccc') in 0.394955 seconds
  Import took 0.409795 seconds .

========================================================================
Received Import Request.
  Time since last request: 0.000525 seconds.
  path: Assets/AllSkyFree/AllSkyDemoEnvironment/Mountain Glare.flare
  artifactKey: Guid(4bd4faf9a6beb484485deba5aeb62c81) Importer(815301076,1909f56bfc062723c751e8b465ee728b)
Start importing Assets/AllSkyFree/AllSkyDemoEnvironment/Mountain Glare.flare using Guid(4bd4faf9a6beb484485deba5aeb62c81) Importer(815301076,1909f56bfc062723c751e8b465ee728b)  -> (artifact id: '05b3b2e2612ec8bf016ac80dd46771e8') in 0.004664 seconds
  Import took 0.023642 seconds .

========================================================================
Received Import Request.
  Time since last request: 0.000322 seconds.
  path: Assets/AllSkyFree/AllSkyDemoEnvironment/AllSky_DemoEnvironment_Center.fbx
  artifactKey: Guid(6f81d87fbcb2648b0835af8c7c1cd3fb) Importer(815301076,1909f56bfc062723c751e8b465ee728b)
Start importing Assets/AllSkyFree/AllSkyDemoEnvironment/AllSky_DemoEnvironment_Center.fbx using Guid(6f81d87fbcb2648b0835af8c7c1cd3fb) Importer(815301076,1909f56bfc062723c751e8b465ee728b)  -> (artifact id: '178c3f2a9e91705f28213b8c412125db') in 0.051264 seconds
  Import took 0.060385 seconds .

========================================================================
Received Import Request.
  Time since last request: 0.000312 seconds.
  path: Assets/AllSkyFree/AllSkyDemoEnvironment/AllSky_DemoEnvironment_Light.fbx
  artifactKey: Guid(a86608a16093647c082aa3ccf69d2558) Importer(815301076,1909f56bfc062723c751e8b465ee728b)
Start importing Assets/AllSkyFree/AllSkyDemoEnvironment/AllSky_DemoEnvironment_Light.fbx using Guid(a86608a16093647c082aa3ccf69d2558) Importer(815301076,1909f56bfc062723c751e8b465ee728b)  -> (artifact id: 'e367778a06ca09935c170e9578f20799') in 0.030574 seconds
  Import took 0.041114 seconds .

========================================================================
Received Import Request.
  Time since last request: 59.480226 seconds.
  path: Assets/AllSkyFree/Night MoonBurst/AllSky_Night_MoonBurst Equirect.mat
  artifactKey: Guid(51b74d7bad397457d883c5940f7664d8) Importer(815301076,1909f56bfc062723c751e8b465ee728b)
Start importing Assets/AllSkyFree/Night MoonBurst/AllSky_Night_MoonBurst Equirect.mat using Guid(51b74d7bad397457d883c5940f7664d8) Importer(815301076,1909f56bfc062723c751e8b465ee728b)  -> (artifact id: 'e81c073650245a1092f0bc62c54503ce') in 0.063999 seconds
  Import took 0.073958 seconds .

========================================================================
Received Import Request.
  Time since last request: 0.000401 seconds.
  path: Assets/AllSkyFree/Epic_BlueSunset/Epic_BlueSunset Equirect.mat
  artifactKey: Guid(cdbb40e11399e4a17882ada20a1b896a) Importer(815301076,1909f56bfc062723c751e8b465ee728b)
Start importing Assets/AllSkyFree/Epic_BlueSunset/Epic_BlueSunset Equirect.mat using Guid(cdbb40e11399e4a17882ada20a1b896a) Importer(815301076,1909f56bfc062723c751e8b465ee728b)  -> (artifact id: '45f9726e82ca3eafbf02cf5a6b32dcd2') in 0.066668 seconds
  Import took 0.082050 seconds .

========================================================================
Received Import Request.
  Time since last request: 0.000390 seconds.
  path: Assets/AllSkyFree/Deep Dusk/Deep Dusk Equirect.mat
  artifactKey: Guid(c82a334cf5a5e47978749c210cee72a7) Importer(815301076,1909f56bfc062723c751e8b465ee728b)
Start importing Assets/AllSkyFree/Deep Dusk/Deep Dusk Equirect.mat using Guid(c82a334cf5a5e47978749c210cee72a7) Importer(815301076,1909f56bfc062723c751e8b465ee728b)  -> (artifact id: 'fab3721961e212511ed2f0521838aab1') in 0.054455 seconds
  Import took 0.067259 seconds .

========================================================================
Received Import Request.
  Time since last request: 0.000301 seconds.
  path: Assets/AllSkyFree/AllSkyDemoEnvironment/Materials/AllSkyDemoEnv_Rock.mat
  artifactKey: Guid(2e6761ef29bab414093fbcc3d8b98559) Importer(815301076,1909f56bfc062723c751e8b465ee728b)
Start importing Assets/AllSkyFree/AllSkyDemoEnvironment/Materials/AllSkyDemoEnv_Rock.mat using Guid(2e6761ef29bab414093fbcc3d8b98559) Importer(815301076,1909f56bfc062723c751e8b465ee728b)  -> (artifact id: '7c1e91dc386e41aad8f3b47e25cdc2bb') in 0.022099 seconds
  Import took 0.029900 seconds .

========================================================================
Received Import Request.
  Time since last request: 0.000323 seconds.
  path: Assets/AllSkyFree/Cold Night/Cold Night Equirect.mat
  artifactKey: Guid(eac2ef371405749e0bd050b4c3272f16) Importer(815301076,1909f56bfc062723c751e8b465ee728b)
Start importing Assets/AllSkyFree/Cold Night/Cold Night Equirect.mat using Guid(eac2ef371405749e0bd050b4c3272f16) Importer(815301076,1909f56bfc062723c751e8b465ee728b)  -> (artifact id: '3b2f349ed4a8400422894805d44c3336') in 0.052737 seconds
  Import took 0.060797 seconds .

========================================================================
Received Import Request.
  Time since last request: 0.000391 seconds.
  path: Assets/AllSkyFree/AllSkyDemoEnvironment/Materials/Landscape.mat
  artifactKey: Guid(36b724f005def154c831325bf69c83e0) Importer(815301076,1909f56bfc062723c751e8b465ee728b)
Start importing Assets/AllSkyFree/AllSkyDemoEnvironment/Materials/Landscape.mat using Guid(36b724f005def154c831325bf69c83e0) Importer(815301076,1909f56bfc062723c751e8b465ee728b)  -> (artifact id: '010d3be4edf01023956e135eda440cfc') in 0.014313 seconds
  Import took 0.022111 seconds .

========================================================================
Received Import Request.
  Time since last request: 0.000328 seconds.
  path: Assets/Runemark Studio/Freebies/PolyDesert Mobile/Meshes/Materials/polydesert_atlas.mat
  artifactKey: Guid(112298cd96534a44fa112c83939ac783) Importer(815301076,1909f56bfc062723c751e8b465ee728b)
Start importing Assets/Runemark Studio/Freebies/PolyDesert Mobile/Meshes/Materials/polydesert_atlas.mat using Guid(112298cd96534a44fa112c83939ac783) Importer(815301076,1909f56bfc062723c751e8b465ee728b)  -> (artifact id: '8fbb131a1f9e12cb354fe5795abcff91') in 0.019984 seconds
  Import took 0.029476 seconds .

========================================================================
Received Import Request.
  Time since last request: 0.000308 seconds.
  path: Assets/AllSkyFree/AllSkyDemoEnvironment/Materials/AllSkyDemoEnv_MountainGlow.mat
  artifactKey: Guid(413befd66bdd84d569871d0524b4685a) Importer(815301076,1909f56bfc062723c751e8b465ee728b)
Start importing Assets/AllSkyFree/AllSkyDemoEnvironment/Materials/AllSkyDemoEnv_MountainGlow.mat using Guid(413befd66bdd84d569871d0524b4685a) Importer(815301076,1909f56bfc062723c751e8b465ee728b)  -> (artifact id: 'b703df59278a9921e4a5dc4dd3c912c6') in 0.015694 seconds
  Import took 0.029413 seconds .

========================================================================
Received Import Request.
  Time since last request: 0.000337 seconds.
  path: Assets/Materials/Mat 1.mat
  artifactKey: Guid(06a56966e9bd01448b8225423e8c1499) Importer(815301076,1909f56bfc062723c751e8b465ee728b)
Start importing Assets/Materials/Mat 1.mat using Guid(06a56966e9bd01448b8225423e8c1499) Importer(815301076,1909f56bfc062723c751e8b465ee728b)  -> (artifact id: '1feced5c459134f14956c1a82962bbfa') in 0.020711 seconds
  Import took 0.029477 seconds .

========================================================================
Received Import Request.
  Time since last request: 0.000293 seconds.
  path: Assets/AllSkyFree/Space_AnotherPlanet/AllSky_Space_AnotherPlanet.mat
  artifactKey: Guid(656058fe318eb48558d21d66d1a79a2b) Importer(815301076,1909f56bfc062723c751e8b465ee728b)
Start importing Assets/AllSkyFree/Space_AnotherPlanet/AllSky_Space_AnotherPlanet.mat using Guid(656058fe318eb48558d21d66d1a79a2b) Importer(815301076,1909f56bfc062723c751e8b465ee728b)  -> (artifact id: '77b1db174df66348f7361630321b1422') in 0.083108 seconds
  Import took 0.094216 seconds .

========================================================================
Received Import Request.
  Time since last request: 0.000523 seconds.
  path: Assets/Models/Crystal.fbx
  artifactKey: Guid(f75a31938a574904cb229d53400b770e) Importer(815301076,1909f56bfc062723c751e8b465ee728b)
Start importing Assets/Models/Crystal.fbx using Guid(f75a31938a574904cb229d53400b770e) Importer(815301076,1909f56bfc062723c751e8b465ee728b)  -> (artifact id: '9ee826391d046b703504694d43c294b4') in 0.046543 seconds
  Import took 0.063135 seconds .

========================================================================
Received Import Request.
  Time since last request: 0.000380 seconds.
  path: Assets/AllSkyFree/AllSkyDemoEnvironment/Materials/AllSkyDemoEnv_Building.mat
  artifactKey: Guid(5f35d0bb3bb3e45048ec76b0a3157c01) Importer(815301076,1909f56bfc062723c751e8b465ee728b)
Start importing Assets/AllSkyFree/AllSkyDemoEnvironment/Materials/AllSkyDemoEnv_Building.mat using Guid(5f35d0bb3bb3e45048ec76b0a3157c01) Importer(815301076,1909f56bfc062723c751e8b465ee728b)  -> (artifact id: '94119554874f5f0a614da968d655ff05') in 0.013112 seconds
  Import took 0.022773 seconds .

========================================================================
Received Import Request.
  Time since last request: 0.000365 seconds.
  path: Assets/Runemark Studio/Freebies/Polygon Desert Pack/Materials/Ground.mat
  artifactKey: Guid(c0f96e6b229bfe24d85d8b8190d83096) Importer(815301076,1909f56bfc062723c751e8b465ee728b)
Start importing Assets/Runemark Studio/Freebies/Polygon Desert Pack/Materials/Ground.mat using Guid(c0f96e6b229bfe24d85d8b8190d83096) Importer(815301076,1909f56bfc062723c751e8b465ee728b)  -> (artifact id: '3d4c33b4fbebc9a8fbcbd57b270f1ca3') in 0.029081 seconds
  Import took 0.037264 seconds .

========================================================================
Received Import Request.
  Time since last request: 0.000324 seconds.
  path: Assets/AllSkyFree/AllSkyDemoEnvironment/Materials/AllSkyDemoEnv_TreeLeaves.mat
  artifactKey: Guid(3386ea1f916284d438a5d95882e39fd6) Importer(815301076,1909f56bfc062723c751e8b465ee728b)
Start importing Assets/AllSkyFree/AllSkyDemoEnvironment/Materials/AllSkyDemoEnv_TreeLeaves.mat using Guid(3386ea1f916284d438a5d95882e39fd6) Importer(815301076,1909f56bfc062723c751e8b465ee728b)  -> (artifact id: 'd5cbe5dc08909145f206d96c6678cff5') in 0.017612 seconds
  Import took 0.031624 seconds .

========================================================================
Received Import Request.
  Time since last request: 0.000410 seconds.
  path: Assets/Runemark Studio/Freebies/Polygon Desert Pack/Materials/DesertRocks.mat
  artifactKey: Guid(df64b2ddea7920a40962d7aac24b2869) Importer(815301076,1909f56bfc062723c751e8b465ee728b)
Start importing Assets/Runemark Studio/Freebies/Polygon Desert Pack/Materials/DesertRocks.mat using Guid(df64b2ddea7920a40962d7aac24b2869) Importer(815301076,1909f56bfc062723c751e8b465ee728b)  -> (artifact id: 'e02c4e145d0fac64bfe26a846384379a') in 0.021433 seconds
  Import took 0.028545 seconds .

========================================================================
Received Import Request.
  Time since last request: 0.000456 seconds.
  path: Assets/AllSkyFree/Cartoon Base NightSky/Cartoon Base NightSky.mat
  artifactKey: Guid(aa78c8d403a8547fe86d1f74239e6b03) Importer(815301076,1909f56bfc062723c751e8b465ee728b)
Start importing Assets/AllSkyFree/Cartoon Base NightSky/Cartoon Base NightSky.mat using Guid(aa78c8d403a8547fe86d1f74239e6b03) Importer(815301076,1909f56bfc062723c751e8b465ee728b)  -> (artifact id: 'c29e3063434a71cc6b6e4db8d645b4a9') in 0.068358 seconds
  Import took 0.080478 seconds .

========================================================================
Received Import Request.
  Time since last request: 0.000446 seconds.
  path: Assets/Runemark Studio/Freebies/Polygon Desert Pack/Materials/Cactus.mat
  artifactKey: Guid(0e4890f47005c3a4fbe1f368c4939d86) Importer(815301076,1909f56bfc062723c751e8b465ee728b)
Start importing Assets/Runemark Studio/Freebies/Polygon Desert Pack/Materials/Cactus.mat using Guid(0e4890f47005c3a4fbe1f368c4939d86) Importer(815301076,1909f56bfc062723c751e8b465ee728b)  -> (artifact id: '150a24722d6dbc363b22802dee920326') in 0.012938 seconds
  Import took 0.020835 seconds .

========================================================================
Received Import Request.
  Time since last request: 0.000348 seconds.
  path: Assets/AllSkyFree/AllSkyDemoEnvironment/Materials/AllSkyDemoEnv_Landscape.mat
  artifactKey: Guid(179503e6ea7a5414da971761ed8ad6a1) Importer(815301076,1909f56bfc062723c751e8b465ee728b)
Start importing Assets/AllSkyFree/AllSkyDemoEnvironment/Materials/AllSkyDemoEnv_Landscape.mat using Guid(179503e6ea7a5414da971761ed8ad6a1) Importer(815301076,1909f56bfc062723c751e8b465ee728b)  -> (artifact id: '2980722926e86a1bb500312acf5de99a') in 0.013420 seconds
  Import took 0.020618 seconds .

========================================================================
Received Import Request.
  Time since last request: 0.000346 seconds.
  path: Assets/AllSkyFree/Overcast Low/AllSky_Overcast4_Low Equirect.mat
  artifactKey: Guid(54fe2f000ad8f424fb63cc3ea0ae2bb2) Importer(815301076,1909f56bfc062723c751e8b465ee728b)
Start importing Assets/AllSkyFree/Overcast Low/AllSky_Overcast4_Low Equirect.mat using Guid(54fe2f000ad8f424fb63cc3ea0ae2bb2) Importer(815301076,1909f56bfc062723c751e8b465ee728b)  -> (artifact id: 'b2f350619df6d3a2572db255ba0c56b0') in 0.058753 seconds
  Import took 0.067325 seconds .

========================================================================
Received Import Request.
  Time since last request: 0.000472 seconds.
  path: Assets/AllSkyFree/Overcast Low/AllSky_Overcast4_Low.mat
  artifactKey: Guid(f2b5f3f20933f434e850db1b710542fd) Importer(815301076,1909f56bfc062723c751e8b465ee728b)
Start importing Assets/AllSkyFree/Overcast Low/AllSky_Overcast4_Low.mat using Guid(f2b5f3f20933f434e850db1b710542fd) Importer(815301076,1909f56bfc062723c751e8b465ee728b)  -> (artifact id: '7f48a4038af3061938be8404cda16b2f') in 0.089276 seconds
  Import took 0.100212 seconds .

========================================================================
Received Import Request.
  Time since last request: 0.000363 seconds.
  path: Assets/Materials/Fire.mat
  artifactKey: Guid(cc258734101d2534483763079c8c4113) Importer(815301076,1909f56bfc062723c751e8b465ee728b)
Start importing Assets/Materials/Fire.mat using Guid(cc258734101d2534483763079c8c4113) Importer(815301076,1909f56bfc062723c751e8b465ee728b)  -> (artifact id: '63095c793343ab1dd3e4ad4fe3892043') in 0.012425 seconds
  Import took 0.021276 seconds .

========================================================================
Received Import Request.
  Time since last request: 0.000453 seconds.
  path: Assets/AllSkyFree/AllSkyDemoEnvironment/Materials/AllSkyDemoEnv_LightIllum.mat
  artifactKey: Guid(05aa87d4636d34850a6f48daedd1b55c) Importer(815301076,1909f56bfc062723c751e8b465ee728b)
Start importing Assets/AllSkyFree/AllSkyDemoEnvironment/Materials/AllSkyDemoEnv_LightIllum.mat using Guid(05aa87d4636d34850a6f48daedd1b55c) Importer(815301076,1909f56bfc062723c751e8b465ee728b)  -> (artifact id: '8f188b8ad37a69f3ef98737d9025b788') in 0.011139 seconds
  Import took 0.019116 seconds .

========================================================================
Received Import Request.
  Time since last request: 0.000368 seconds.
  path: Assets/Runemark Studio/Freebies/PolyDesert Mobile/Meshes/Materials/defaultMat.mat
  artifactKey: Guid(9dbdace34eb1152438afa3c9caed3efe) Importer(815301076,1909f56bfc062723c751e8b465ee728b)
Start importing Assets/Runemark Studio/Freebies/PolyDesert Mobile/Meshes/Materials/defaultMat.mat using Guid(9dbdace34eb1152438afa3c9caed3efe) Importer(815301076,1909f56bfc062723c751e8b465ee728b)  -> (artifact id: '6258f29104873bb5999def67b88ae4ca') in 0.016962 seconds
  Import took 0.024275 seconds .

========================================================================
Received Import Request.
  Time since last request: 0.000559 seconds.
  path: Assets/AllSkyFree/Cartoon Base NightSky/Cartoon Base NightSky Equirect.mat
  artifactKey: Guid(3a6db933fef1d4c759bf21220420505f) Importer(815301076,1909f56bfc062723c751e8b465ee728b)
Start importing Assets/AllSkyFree/Cartoon Base NightSky/Cartoon Base NightSky Equirect.mat using Guid(3a6db933fef1d4c759bf21220420505f) Importer(815301076,1909f56bfc062723c751e8b465ee728b)  -> (artifact id: 'f0e6087da8f2c11bad11e7af4ed873d0') in 0.056858 seconds
  Import took 0.066930 seconds .

========================================================================
Received Import Request.
  Time since last request: 0.000304 seconds.
  path: Assets/UAV Trident/Materials/Mat_Toy.mat
  artifactKey: Guid(234d49fc54c4a9244991469d9b70eb97) Importer(815301076,1909f56bfc062723c751e8b465ee728b)
Start importing Assets/UAV Trident/Materials/Mat_Toy.mat using Guid(234d49fc54c4a9244991469d9b70eb97) Importer(815301076,1909f56bfc062723c751e8b465ee728b)  -> (artifact id: 'c4b2ef6bf604fb5e80393f63185974bb') in 0.165278 seconds
  Import took 0.175156 seconds .

========================================================================
Received Import Request.
  Time since last request: 0.000328 seconds.
  path: Assets/Materials/CrystalMat2.mat
  artifactKey: Guid(a5fbca0111b7bd54591ef747fc8fe50a) Importer(815301076,1909f56bfc062723c751e8b465ee728b)
Start importing Assets/Materials/CrystalMat2.mat using Guid(a5fbca0111b7bd54591ef747fc8fe50a) Importer(815301076,1909f56bfc062723c751e8b465ee728b)  -> (artifact id: '28576bdd09ac65ba7f0704f6e1df981f') in 0.012272 seconds
  Import took 0.020487 seconds .

========================================================================
Received Import Request.
  Time since last request: 0.000505 seconds.
  path: Assets/Materials/Mat.mat
  artifactKey: Guid(652e95788766fb143b37e2c0938878c6) Importer(815301076,1909f56bfc062723c751e8b465ee728b)
Start importing Assets/Materials/Mat.mat using Guid(652e95788766fb143b37e2c0938878c6) Importer(815301076,1909f56bfc062723c751e8b465ee728b)  -> (artifact id: '60de018f8508456feace6066933d9202') in 0.037183 seconds
  Import took 0.047535 seconds .

========================================================================
Received Import Request.
  Time since last request: 0.000362 seconds.
  path: Assets/AllSkyFree/Cold Sunset/Cold Sunset Equirect.mat
  artifactKey: Guid(01f4eb1c73693428d923f1520032e7f9) Importer(815301076,1909f56bfc062723c751e8b465ee728b)
Start importing Assets/AllSkyFree/Cold Sunset/Cold Sunset Equirect.mat using Guid(01f4eb1c73693428d923f1520032e7f9) Importer(815301076,1909f56bfc062723c751e8b465ee728b)  -> (artifact id: '7a7e9b67d6c0c03c4241085bc1bcb4dd') in 0.064015 seconds
  Import took 0.072934 seconds .

========================================================================
Received Import Request.
  Time since last request: 0.000412 seconds.
  path: Assets/AllSkyFree/Night MoonBurst/Night Moon Burst.mat
  artifactKey: Guid(c494c335823f54b52b2e87e1b7a63a23) Importer(815301076,1909f56bfc062723c751e8b465ee728b)
Start importing Assets/AllSkyFree/Night MoonBurst/Night Moon Burst.mat using Guid(c494c335823f54b52b2e87e1b7a63a23) Importer(815301076,1909f56bfc062723c751e8b465ee728b)  -> (artifact id: 'ec32fc3378c4c8ac2903be22806cb8d7') in 0.072732 seconds
  Import took 0.079260 seconds .

========================================================================
Received Import Request.
  Time since last request: 0.000338 seconds.
  path: Assets/AllSkyFree/AllSkyDemoEnvironment/Materials/rock.mat
  artifactKey: Guid(30d990fd39e798242be00a47c8f8fcaa) Importer(815301076,1909f56bfc062723c751e8b465ee728b)
Start importing Assets/AllSkyFree/AllSkyDemoEnvironment/Materials/rock.mat using Guid(30d990fd39e798242be00a47c8f8fcaa) Importer(815301076,1909f56bfc062723c751e8b465ee728b)  -> (artifact id: 'f83a5fbfd2e09bc063f79b09d94434e2') in 0.013965 seconds
  Import took 0.025976 seconds .

========================================================================
Received Import Request.
  Time since last request: 0.000321 seconds.
  path: Assets/AllSkyFree/Epic_GloriousPink/Epic_GloriousPink Equirect.mat
  artifactKey: Guid(fe4e130f9947345a2b213cb5038851a2) Importer(815301076,1909f56bfc062723c751e8b465ee728b)
Start importing Assets/AllSkyFree/Epic_GloriousPink/Epic_GloriousPink Equirect.mat using Guid(fe4e130f9947345a2b213cb5038851a2) Importer(815301076,1909f56bfc062723c751e8b465ee728b)  -> (artifact id: 'e32dfd62b071869e6eb4fed0dad9a04c') in 0.081128 seconds
  Import took 0.094302 seconds .

========================================================================
Received Import Request.
  Time since last request: 0.004339 seconds.
  path: Assets/AllSkyFree/Deep Dusk/Deep Dusk.mat
  artifactKey: Guid(b4f152e0498484391a9f0d5a1facf03b) Importer(815301076,1909f56bfc062723c751e8b465ee728b)
Start importing Assets/AllSkyFree/Deep Dusk/Deep Dusk.mat using Guid(b4f152e0498484391a9f0d5a1facf03b) Importer(815301076,1909f56bfc062723c751e8b465ee728b)  -> (artifact id: '8558144ef43dc1c9031a7bb48d3f29ef') in 0.081183 seconds
  Import took 0.098820 seconds .

========================================================================
Received Import Request.
  Time since last request: 0.000450 seconds.
  path: Assets/Materials/ter 1.mat
  artifactKey: Guid(d8c02440a0f8f2c49a824890db559c13) Importer(815301076,1909f56bfc062723c751e8b465ee728b)
Start importing Assets/Materials/ter 1.mat using Guid(d8c02440a0f8f2c49a824890db559c13) Importer(815301076,1909f56bfc062723c751e8b465ee728b)  -> (artifact id: 'c0eb2966f49a6f1d18d17fb77a3ee53e') in 0.128134 seconds
  Import took 0.136232 seconds .

========================================================================
Received Import Request.
  Time since last request: 0.000638 seconds.
  path: Assets/Materials/Shield 1.mat
  artifactKey: Guid(07aacac637f3fd54da610713c7666eed) Importer(815301076,1909f56bfc062723c751e8b465ee728b)
Start importing Assets/Materials/Shield 1.mat using Guid(07aacac637f3fd54da610713c7666eed) Importer(815301076,1909f56bfc062723c751e8b465ee728b)  -> (artifact id: '81308f67501112e3849b92158889bdae') in 0.017915 seconds
  Import took 0.028847 seconds .

========================================================================
Received Import Request.
  Time since last request: 0.000369 seconds.
  path: Assets/Materials/Shield.mat
  artifactKey: Guid(3457512d0176a6648838306543277666) Importer(815301076,1909f56bfc062723c751e8b465ee728b)
Start importing Assets/Materials/Shield.mat using Guid(3457512d0176a6648838306543277666) Importer(815301076,1909f56bfc062723c751e8b465ee728b)  -> (artifact id: 'dd67e606c75182a1831eed1d4a38ea63') in 0.015966 seconds
  Import took 0.027545 seconds .

========================================================================
Received Import Request.
  Time since last request: 0.000427 seconds.
  path: Assets/Runemark Studio/Freebies/Polygon Desert Pack/Materials/FlowerCenter.mat
  artifactKey: Guid(0d2b752cb7a0cfa4883178ad88553bc1) Importer(815301076,1909f56bfc062723c751e8b465ee728b)
Start importing Assets/Runemark Studio/Freebies/Polygon Desert Pack/Materials/FlowerCenter.mat using Guid(0d2b752cb7a0cfa4883178ad88553bc1) Importer(815301076,1909f56bfc062723c751e8b465ee728b)  -> (artifact id: '36056e9a97762f8b6b334e5e160f277e') in 0.017637 seconds
  Import took 0.032373 seconds .

========================================================================
Received Import Request.
  Time since last request: 0.000444 seconds.
  path: Assets/AllSkyFree/AllSkyDemoEnvironment/Materials/AllSkyDemoEnv_SphereSkyReflect.mat
  artifactKey: Guid(13177a7929fc94508aeae20a9a650440) Importer(815301076,1909f56bfc062723c751e8b465ee728b)
Start importing Assets/AllSkyFree/AllSkyDemoEnvironment/Materials/AllSkyDemoEnv_SphereSkyReflect.mat using Guid(13177a7929fc94508aeae20a9a650440) Importer(815301076,1909f56bfc062723c751e8b465ee728b)  -> (artifact id: 'a71ac556ed7e86e6837459c912608874') in 0.018013 seconds
  Import took 0.026854 seconds .

========================================================================
Received Import Request.
  Time since last request: 0.000507 seconds.
  path: Assets/AllSkyFree/Cold Night/Cold Night.mat
  artifactKey: Guid(9af23ba5fa5364ff598888460e0e2759) Importer(815301076,1909f56bfc062723c751e8b465ee728b)
Start importing Assets/AllSkyFree/Cold Night/Cold Night.mat using Guid(9af23ba5fa5364ff598888460e0e2759) Importer(815301076,1909f56bfc062723c751e8b465ee728b)  -> (artifact id: 'e81d526fe978829b10b5913e62f2a0f2') in 0.068075 seconds
  Import took 0.078019 seconds .

========================================================================
Received Import Request.
  Time since last request: 0.000411 seconds.
  path: Assets/UAV Trident/Model/Materials/DefaultMat.mat
  artifactKey: Guid(3702d99b0ddeaf44383010bb4669309f) Importer(815301076,1909f56bfc062723c751e8b465ee728b)
Start importing Assets/UAV Trident/Model/Materials/DefaultMat.mat using Guid(3702d99b0ddeaf44383010bb4669309f) Importer(815301076,1909f56bfc062723c751e8b465ee728b)  -> (artifact id: 'ad996a6e77d9db080e16b672dde41aa8') in 0.016041 seconds
  Import took 0.024081 seconds .

========================================================================
Received Import Request.
  Time since last request: 0.000325 seconds.
  path: Assets/AllSkyFree/Epic_BlueSunset/Epic_BlueSunset.mat
  artifactKey: Guid(7416536dbe0334cfd888dd1beb75a9fb) Importer(815301076,1909f56bfc062723c751e8b465ee728b)
Start importing Assets/AllSkyFree/Epic_BlueSunset/Epic_BlueSunset.mat using Guid(7416536dbe0334cfd888dd1beb75a9fb) Importer(815301076,1909f56bfc062723c751e8b465ee728b)  -> (artifact id: 'ba08a92f8a70238e5be8ced1f236caa0') in 0.319204 seconds
  Import took 0.324774 seconds .

========================================================================
Received Import Request.
  Time since last request: 0.000361 seconds.
  path: Assets/AllSkyFree/AllSkyDemoEnvironment/Materials/AllSkyDemoEnv_FlagGreen.mat
  artifactKey: Guid(eba7c646abc914766b797ce6e6b6aef8) Importer(815301076,1909f56bfc062723c751e8b465ee728b)
Start importing Assets/AllSkyFree/AllSkyDemoEnvironment/Materials/AllSkyDemoEnv_FlagGreen.mat using Guid(eba7c646abc914766b797ce6e6b6aef8) Importer(815301076,1909f56bfc062723c751e8b465ee728b)  -> (artifact id: '40f5e6ce0e418cd144caf36205bfd7cc') in 0.013816 seconds
  Import took 0.021366 seconds .

========================================================================
Received Import Request.
  Time since last request: 0.000461 seconds.
  path: Assets/AllSkyFree/Cold Sunset/Cold Sunset.mat
  artifactKey: Guid(2d796ced94d61438fbab81b194038162) Importer(815301076,1909f56bfc062723c751e8b465ee728b)
Start importing Assets/AllSkyFree/Cold Sunset/Cold Sunset.mat using Guid(2d796ced94d61438fbab81b194038162) Importer(815301076,1909f56bfc062723c751e8b465ee728b)  -> (artifact id: 'c90d3b25779d58be5f064a50a60faabc') in 0.069330 seconds
  Import took 0.078186 seconds .

========================================================================
Received Import Request.
  Time since last request: 0.000307 seconds.
  path: Assets/UAV Trident/Materials/Mat_military.mat
  artifactKey: Guid(7d523d0b995ed8446b41769c2f7cf2d1) Importer(815301076,1909f56bfc062723c751e8b465ee728b)
Start importing Assets/UAV Trident/Materials/Mat_military.mat using Guid(7d523d0b995ed8446b41769c2f7cf2d1) Importer(815301076,1909f56bfc062723c751e8b465ee728b)  -> (artifact id: '76cf49eb96db8767b138df2b2709cfc6') in 0.064865 seconds
  Import took 0.074351 seconds .

========================================================================
Received Import Request.
  Time since last request: 0.000552 seconds.
  path: Assets/Runemark Studio/Freebies/Polygon Desert Pack/Materials/Flower.mat
  artifactKey: Guid(a0eb1ba83e4b048409871a19b9850bb6) Importer(815301076,1909f56bfc062723c751e8b465ee728b)
Start importing Assets/Runemark Studio/Freebies/Polygon Desert Pack/Materials/Flower.mat using Guid(a0eb1ba83e4b048409871a19b9850bb6) Importer(815301076,1909f56bfc062723c751e8b465ee728b)  -> (artifact id: 'adb9de016472d9e3d895eb1fa6159c4a') in 0.013867 seconds
  Import took 0.024452 seconds .

========================================================================
Received Import Request.
  Time since last request: 0.000348 seconds.
  path: Assets/AllSkyFree/AllSkyDemoEnvironment/Materials/AllSkyDemoEnv_LightMetal.mat
  artifactKey: Guid(a7f9f8058b27648f4ba9ed54ced4ac00) Importer(815301076,1909f56bfc062723c751e8b465ee728b)
Start importing Assets/AllSkyFree/AllSkyDemoEnvironment/Materials/AllSkyDemoEnv_LightMetal.mat using Guid(a7f9f8058b27648f4ba9ed54ced4ac00) Importer(815301076,1909f56bfc062723c751e8b465ee728b)  -> (artifact id: '307006411b45b92fbc17d472aab34b8b') in 0.026536 seconds
  Import took 0.041409 seconds .

========================================================================
Received Import Request.
  Time since last request: 0.000400 seconds.
  path: Assets/Runemark Studio/Freebies/PolyDesert Mobile/Materials/polydesert_atlas.mat
  artifactKey: Guid(0d77e7dfe6c8918409bb739458ba8a9d) Importer(815301076,1909f56bfc062723c751e8b465ee728b)
Start importing Assets/Runemark Studio/Freebies/PolyDesert Mobile/Materials/polydesert_atlas.mat using Guid(0d77e7dfe6c8918409bb739458ba8a9d) Importer(815301076,1909f56bfc062723c751e8b465ee728b)  -> (artifact id: '173426f8fa1629d9dcc5a625f229fe70') in 0.012350 seconds
  Import took 0.022026 seconds .

========================================================================
Received Import Request.
  Time since last request: 0.000367 seconds.
  path: Assets/AllSkyFree/AllSkyDemoEnvironment/Materials/TreeTrunk.mat
  artifactKey: Guid(7809cf584f7a8ba4897c2c57e9669dfe) Importer(815301076,1909f56bfc062723c751e8b465ee728b)
Start importing Assets/AllSkyFree/AllSkyDemoEnvironment/Materials/TreeTrunk.mat using Guid(7809cf584f7a8ba4897c2c57e9669dfe) Importer(815301076,1909f56bfc062723c751e8b465ee728b)  -> (artifact id: '40d6ebb28cc84108898d453aa16c344c') in 0.012872 seconds
  Import took 0.019792 seconds .

========================================================================
Received Import Request.
  Time since last request: 0.000337 seconds.
  path: Assets/Runemark Studio/Freebies/Polygon Desert Pack/Materials/Thorn.mat
  artifactKey: Guid(f5862a071b976404b90477399414fa74) Importer(815301076,1909f56bfc062723c751e8b465ee728b)
Start importing Assets/Runemark Studio/Freebies/Polygon Desert Pack/Materials/Thorn.mat using Guid(f5862a071b976404b90477399414fa74) Importer(815301076,1909f56bfc062723c751e8b465ee728b)  -> (artifact id: '995f57d23741cb31d3baaf7585f1e4fa') in 0.150782 seconds
  Import took 0.158492 seconds .

========================================================================
Received Import Request.
  Time since last request: 0.000309 seconds.
  path: Assets/AllSkyFree/AllSkyDemoEnvironment/Materials/TreeLeaves.mat
  artifactKey: Guid(3d7bc6435f5ced147872d5b96fd28f42) Importer(815301076,1909f56bfc062723c751e8b465ee728b)
Start importing Assets/AllSkyFree/AllSkyDemoEnvironment/Materials/TreeLeaves.mat using Guid(3d7bc6435f5ced147872d5b96fd28f42) Importer(815301076,1909f56bfc062723c751e8b465ee728b)  -> (artifact id: 'cfd9aed4485af28648e24fb690598251') in 0.019093 seconds
  Import took 0.027378 seconds .

========================================================================
Received Import Request.
  Time since last request: 0.000319 seconds.
  path: Assets/AllSkyFree/AllSkyDemoEnvironment/Materials/AllSkyDemoEnv_Flag_Red.mat
  artifactKey: Guid(174e7977166824bf49a2c2f4b54fd066) Importer(815301076,1909f56bfc062723c751e8b465ee728b)
Start importing Assets/AllSkyFree/AllSkyDemoEnvironment/Materials/AllSkyDemoEnv_Flag_Red.mat using Guid(174e7977166824bf49a2c2f4b54fd066) Importer(815301076,1909f56bfc062723c751e8b465ee728b)  -> (artifact id: 'a9380ccac803ba4c7bae33897bb4853e') in 0.025180 seconds
  Import took 0.032593 seconds .

========================================================================
Received Import Request.
  Time since last request: 0.000316 seconds.
  path: Assets/AllSkyFree/AllSkyDemoEnvironment/Materials/AllSkyDemoEnv_Flag_Gold.mat
  artifactKey: Guid(e647ded4fdda54d5c82ce352c1b0be01) Importer(815301076,1909f56bfc062723c751e8b465ee728b)
Start importing Assets/AllSkyFree/AllSkyDemoEnvironment/Materials/AllSkyDemoEnv_Flag_Gold.mat using Guid(e647ded4fdda54d5c82ce352c1b0be01) Importer(815301076,1909f56bfc062723c751e8b465ee728b)  -> (artifact id: '2ea78542be0f17c0cce78ccfa820c68f') in 0.014855 seconds
  Import took 0.027342 seconds .

========================================================================
Received Import Request.
  Time since last request: 0.000340 seconds.
  path: Assets/AllSkyFree/Epic_GloriousPink/Epic_GloriousPink.mat
  artifactKey: Guid(8b7dd0809c7c6498789fa32a61eaa6cb) Importer(815301076,1909f56bfc062723c751e8b465ee728b)
Start importing Assets/AllSkyFree/Epic_GloriousPink/Epic_GloriousPink.mat using Guid(8b7dd0809c7c6498789fa32a61eaa6cb) Importer(815301076,1909f56bfc062723c751e8b465ee728b)  -> (artifact id: '698058ef96e7e82658f2161789921fb8') in 0.068686 seconds
  Import took 0.076531 seconds .

========================================================================
Received Import Request.
  Time since last request: 0.000355 seconds.
  path: Assets/Runemark Studio/Freebies/Polygon Desert Pack/Materials/Aloe.mat
  artifactKey: Guid(a58be5973538d264eb695c3db32e1d17) Importer(815301076,1909f56bfc062723c751e8b465ee728b)
Start importing Assets/Runemark Studio/Freebies/Polygon Desert Pack/Materials/Aloe.mat using Guid(a58be5973538d264eb695c3db32e1d17) Importer(815301076,1909f56bfc062723c751e8b465ee728b)  -> (artifact id: '69ce3b40eb82e2e1b4369335d6acc134') in 0.011818 seconds
  Import took 0.018876 seconds .

========================================================================
Received Import Request.
  Time since last request: 0.000360 seconds.
  path: Assets/AllSkyFree/Space_AnotherPlanet/AllSky_Space_AnotherPlanet Equirect.mat
  artifactKey: Guid(13f6e5eed33d84c76979f1ec06b5e48c) Importer(815301076,1909f56bfc062723c751e8b465ee728b)
Start importing Assets/AllSkyFree/Space_AnotherPlanet/AllSky_Space_AnotherPlanet Equirect.mat using Guid(13f6e5eed33d84c76979f1ec06b5e48c) Importer(815301076,1909f56bfc062723c751e8b465ee728b)  -> (artifact id: '4fb938be78f42b7f2a82982c6a4f88db') in 0.047764 seconds
  Import took 0.054938 seconds .

========================================================================
Received Import Request.
  Time since last request: 0.000331 seconds.
  path: Assets/Materials/CrystalMat.mat
  artifactKey: Guid(bb75701f09a2ff04fbf8a40fb3bcd5d6) Importer(815301076,1909f56bfc062723c751e8b465ee728b)
Start importing Assets/Materials/CrystalMat.mat using Guid(bb75701f09a2ff04fbf8a40fb3bcd5d6) Importer(815301076,1909f56bfc062723c751e8b465ee728b)  -> (artifact id: 'be97cebec177e15ab44fb0f6d5f68b8c') in 0.011661 seconds
  Import took 0.021301 seconds .

========================================================================
Received Import Request.
  Time since last request: 0.000404 seconds.
  path: Assets/AllSkyFree/AllSkyDemoEnvironment/Materials/AllSkyDemoEnv_Flag_Blue.mat
  artifactKey: Guid(fbc2e1c016c544198be90cefecf38f0f) Importer(815301076,1909f56bfc062723c751e8b465ee728b)
Start importing Assets/AllSkyFree/AllSkyDemoEnvironment/Materials/AllSkyDemoEnv_Flag_Blue.mat using Guid(fbc2e1c016c544198be90cefecf38f0f) Importer(815301076,1909f56bfc062723c751e8b465ee728b)  -> (artifact id: '60f1acb966c2cd5223995c836cef3dfd') in 0.010988 seconds
  Import took 0.018870 seconds .

========================================================================
Received Import Request.
  Time since last request: 0.000329 seconds.
  path: Assets/AllSkyFree/AllSkyDemoEnvironment/Materials/AllSkyDemoEnv_TreeTrunk.mat
  artifactKey: Guid(6e219c5ff336949179da2590886e94eb) Importer(815301076,1909f56bfc062723c751e8b465ee728b)
Start importing Assets/AllSkyFree/AllSkyDemoEnvironment/Materials/AllSkyDemoEnv_TreeTrunk.mat using Guid(6e219c5ff336949179da2590886e94eb) Importer(815301076,1909f56bfc062723c751e8b465ee728b)  -> (artifact id: '013b899c8db17f4df55e5aee043255e8') in 0.010562 seconds
  Import took 0.017033 seconds .

========================================================================
Received Import Request.
  Time since last request: 0.000504 seconds.
  path: Assets/Runemark Studio/Freebies/Polygon Desert Pack/Meshes/Materials/defaultMat.mat
  artifactKey: Guid(7762fac154281ce40ae3cd0b4c18cfb6) Importer(815301076,1909f56bfc062723c751e8b465ee728b)
Start importing Assets/Runemark Studio/Freebies/Polygon Desert Pack/Meshes/Materials/defaultMat.mat using Guid(7762fac154281ce40ae3cd0b4c18cfb6) Importer(815301076,1909f56bfc062723c751e8b465ee728b)  -> (artifact id: 'e0952ef0e1e5068d57fb72864b171ab4') in 0.011829 seconds
  Import took 0.017622 seconds .

========================================================================
Received Import Request.
  Time since last request: 0.000352 seconds.
  path: Assets/Models/Flight.fbx
  artifactKey: Guid(3a5b26ad9dd315348b573806fe546fcd) Importer(815301076,1909f56bfc062723c751e8b465ee728b)
Start importing Assets/Models/Flight.fbx using Guid(3a5b26ad9dd315348b573806fe546fcd) Importer(815301076,1909f56bfc062723c751e8b465ee728b)  -> (artifact id: '80f9af35123ad8066732314fce861b73') in 0.024934 seconds
  Import took 0.032917 seconds .

========================================================================
Received Import Request.
  Time since last request: 9.428083 seconds.
  path: Assets/Animations
  artifactKey: Guid(ca5f3db47462cb94c8da702437389294) Importer(815301076,1909f56bfc062723c751e8b465ee728b)
Start importing Assets/Animations using Guid(ca5f3db47462cb94c8da702437389294) Importer(815301076,1909f56bfc062723c751e8b465ee728b)  -> (artifact id: '7f997879725d5d60b4974a68f6ddc363') in 0.003098 seconds
  Import took 0.011504 seconds .

========================================================================
Received Import Request.
  Time since last request: 3.350743 seconds.
  path: Assets/Materials
  artifactKey: Guid(93a0c944be2f824429e4194bf1945fc2) Importer(815301076,1909f56bfc062723c751e8b465ee728b)
Start importing Assets/Materials using Guid(93a0c944be2f824429e4194bf1945fc2) Importer(815301076,1909f56bfc062723c751e8b465ee728b)  -> (artifact id: 'e86f79f421397950a3230f3573155d49') in 0.002683 seconds
  Import took 0.010777 seconds .

========================================================================
Received Import Request.
  Time since last request: 0.082143 seconds.
  path: Assets/Materials/HexagonGrid.jpg
  artifactKey: Guid(3ba4de98f779e0e4aa3ebf06fde38396) Importer(815301076,1909f56bfc062723c751e8b465ee728b)
Start importing Assets/Materials/HexagonGrid.jpg using Guid(3ba4de98f779e0e4aa3ebf06fde38396) Importer(815301076,1909f56bfc062723c751e8b465ee728b)  -> (artifact id: 'fb1b1f752de8a397afc2e06f2c27b9ca') in 0.016496 seconds
  Import took 0.025001 seconds .

========================================================================
Received Import Request.
  Time since last request: 6.007578 seconds.
  path: Assets/Materials/ShieldFX.shader
  artifactKey: Guid(3a68f169b8a946743a380bcf29333f6e) Importer(815301076,1909f56bfc062723c751e8b465ee728b)
Start importing Assets/Materials/ShieldFX.shader using Guid(3a68f169b8a946743a380bcf29333f6e) Importer(815301076,1909f56bfc062723c751e8b465ee728b)  -> (artifact id: '8e3bf667fdf463dcb459c8898664e16a') in 0.004585 seconds
  Import took 0.013005 seconds .

========================================================================
Received Import Request.
  Time since last request: 0.707699 seconds.
  path: Assets/Materials/ShieldFX.shader
  artifactKey: Guid(3a68f169b8a946743a380bcf29333f6e) Importer(815301076,1909f56bfc062723c751e8b465ee728b)
Start importing Assets/Materials/ShieldFX.shader using Guid(3a68f169b8a946743a380bcf29333f6e) Importer(815301076,1909f56bfc062723c751e8b465ee728b)  -> (artifact id: '8e3bf667fdf463dcb459c8898664e16a') in 0.002675 seconds
  Import took 0.010151 seconds .

========================================================================
Received Import Request.
  Time since last request: 19.496998 seconds.
  path: Assets/Models
  artifactKey: Guid(874ed09157ec1e24696d6b5597a35894) Importer(815301076,1909f56bfc062723c751e8b465ee728b)
Start importing Assets/Models using Guid(874ed09157ec1e24696d6b5597a35894) Importer(815301076,1909f56bfc062723c751e8b465ee728b)  -> (artifact id: 'f43cf557e6717da8d53ee4896bca2fc8') in 0.003866 seconds
  Import took 0.015685 seconds .

========================================================================
Received Import Request.
  Time since last request: 10.847310 seconds.
  path: Assets/Runemark Studio
  artifactKey: Guid(e76416c8849ec6349aaac4e8eac234a2) Importer(815301076,1909f56bfc062723c751e8b465ee728b)
Start importing Assets/Runemark Studio using Guid(e76416c8849ec6349aaac4e8eac234a2) Importer(815301076,1909f56bfc062723c751e8b465ee728b)  -> (artifact id: '36bd6425cbf7365dbed34c5f20627d76') in 0.002398 seconds
  Import took 0.010819 seconds .

========================================================================
Received Import Request.
  Time since last request: 1.288896 seconds.
  path: Assets/Runemark Studio/Freebies
  artifactKey: Guid(008e7ab890d16cd4eab0fd4d36b8ddeb) Importer(815301076,1909f56bfc062723c751e8b465ee728b)
Start importing Assets/Runemark Studio/Freebies using Guid(008e7ab890d16cd4eab0fd4d36b8ddeb) Importer(815301076,1909f56bfc062723c751e8b465ee728b)  -> (artifact id: '6436fcf3aac19d42fd980bd88795d7ed') in 0.002035 seconds
  Import took 0.008677 seconds .

========================================================================
Received Import Request.
  Time since last request: 0.762342 seconds.
  path: Assets/Runemark Studio/Freebies/PolyDesert Mobile
  artifactKey: Guid(2570d6eea2a2dbf4bac076d988b306d4) Importer(815301076,1909f56bfc062723c751e8b465ee728b)
Start importing Assets/Runemark Studio/Freebies/PolyDesert Mobile using Guid(2570d6eea2a2dbf4bac076d988b306d4) Importer(815301076,1909f56bfc062723c751e8b465ee728b)  -> (artifact id: '587fea2a65a73d580d974338406aad69') in 0.001746 seconds
  Import took 0.013449 seconds .

========================================================================
Received Import Request.
  Time since last request: 0.556457 seconds.
  path: Assets/Runemark Studio/Freebies/PolyDesert Mobile/Materials
  artifactKey: Guid(515eee979c2a8c6438cf9142e584024b) Importer(815301076,1909f56bfc062723c751e8b465ee728b)
Start importing Assets/Runemark Studio/Freebies/PolyDesert Mobile/Materials using Guid(515eee979c2a8c6438cf9142e584024b) Importer(815301076,1909f56bfc062723c751e8b465ee728b)  -> (artifact id: '171c4acab3ad7c8b5c37b7a601423508') in 0.003240 seconds
  Import took 0.016148 seconds .

========================================================================
Received Import Request.
  Time since last request: 0.646951 seconds.
  path: Assets/Runemark Studio/Freebies/PolyDesert Mobile/Materials/Textures
  artifactKey: Guid(caeb0961926d0744eb27f9f4e33a6c7b) Importer(815301076,1909f56bfc062723c751e8b465ee728b)
Start importing Assets/Runemark Studio/Freebies/PolyDesert Mobile/Materials/Textures using Guid(caeb0961926d0744eb27f9f4e33a6c7b) Importer(815301076,1909f56bfc062723c751e8b465ee728b)  -> (artifact id: '36f4cfd7bd423c115c138e7374d2788a') in 0.001920 seconds
  Import took 0.008736 seconds .

========================================================================
Received Import Request.
  Time since last request: 0.060628 seconds.
  path: Assets/Runemark Studio/Freebies/PolyDesert Mobile/Materials/Textures/polydesert_atlas.png
  artifactKey: Guid(191ffe92f4abdac48b806a8fef938f11) Importer(815301076,1909f56bfc062723c751e8b465ee728b)
Start importing Assets/Runemark Studio/Freebies/PolyDesert Mobile/Materials/Textures/polydesert_atlas.png using Guid(191ffe92f4abdac48b806a8fef938f11) Importer(815301076,1909f56bfc062723c751e8b465ee728b)  -> (artifact id: 'f91eca14d88dbe8bc42af2edcb0c9bfe') in 0.007513 seconds
  Import took 0.015497 seconds .

========================================================================
Received Import Request.
  Time since last request: 3.736750 seconds.
  path: Assets/Runemark Studio/Freebies/Polygon Desert Pack
  artifactKey: Guid(16d1ccff0cdadfe45a0b730c8643753f) Importer(815301076,1909f56bfc062723c751e8b465ee728b)
Start importing Assets/Runemark Studio/Freebies/Polygon Desert Pack using Guid(16d1ccff0cdadfe45a0b730c8643753f) Importer(815301076,1909f56bfc062723c751e8b465ee728b)  -> (artifact id: 'ddbc6ce1b28eac71df7b48ebada3a41b') in 0.002095 seconds
  Import took 0.011983 seconds .

========================================================================
Received Import Request.
  Time since last request: 0.085366 seconds.
  path: Assets/Runemark Studio/Freebies/Polygon Desert Pack/New Terrain.asset
  artifactKey: Guid(e7768f54d1f39eb449aff729ac8ca838) Importer(815301076,1909f56bfc062723c751e8b465ee728b)
Start importing Assets/Runemark Studio/Freebies/Polygon Desert Pack/New Terrain.asset using Guid(e7768f54d1f39eb449aff729ac8ca838) Importer(815301076,1909f56bfc062723c751e8b465ee728b)  -> (artifact id: '8fad646367b21d39bbe965a83a78c440') in 0.115881 seconds
  Import took 0.121972 seconds .

========================================================================
Received Import Request.
  Time since last request: 2.375444 seconds.
  path: Assets/Runemark Studio/Freebies/Polygon Desert Pack/Prefabs
  artifactKey: Guid(f26000e2a9284924e970e4237571ff26) Importer(815301076,1909f56bfc062723c751e8b465ee728b)
Start importing Assets/Runemark Studio/Freebies/Polygon Desert Pack/Prefabs using Guid(f26000e2a9284924e970e4237571ff26) Importer(815301076,1909f56bfc062723c751e8b465ee728b)  -> (artifact id: '28f000afd5a4c614696c2b180511adbe') in 0.002311 seconds
  Import took 0.008978 seconds .

========================================================================
Received Import Request.
  Time since last request: 0.064692 seconds.
  path: Assets/Runemark Studio/Freebies/Polygon Desert Pack/Prefabs/Aloe.prefab
  artifactKey: Guid(8a13b3dbbf597744192ac4a84ebb93c6) Importer(815301076,1909f56bfc062723c751e8b465ee728b)
Start importing Assets/Runemark Studio/Freebies/Polygon Desert Pack/Prefabs/Aloe.prefab using Guid(8a13b3dbbf597744192ac4a84ebb93c6) Importer(815301076,1909f56bfc062723c751e8b465ee728b)  -> (artifact id: '8d917701ea63ce314f403e89bd5127f3') in 0.016276 seconds
  Import took 0.026775 seconds .

========================================================================
Received Import Request.
  Time since last request: 0.000329 seconds.
  path: Assets/Runemark Studio/Freebies/Polygon Desert Pack/Prefabs/rock03.prefab
  artifactKey: Guid(e3a2b024936fe54498e16bf28bfd0e90) Importer(815301076,1909f56bfc062723c751e8b465ee728b)
Start importing Assets/Runemark Studio/Freebies/Polygon Desert Pack/Prefabs/rock03.prefab using Guid(e3a2b024936fe54498e16bf28bfd0e90) Importer(815301076,1909f56bfc062723c751e8b465ee728b)  -> (artifact id: '22e503f5cbc03d0931cdb4657b889d70') in 0.013016 seconds
  Import took 0.021136 seconds .

========================================================================
Received Import Request.
  Time since last request: 0.000347 seconds.
  path: Assets/Runemark Studio/Freebies/Polygon Desert Pack/Prefabs/rock01.prefab
  artifactKey: Guid(3e63f970932e56649b966445efd75396) Importer(815301076,1909f56bfc062723c751e8b465ee728b)
Start importing Assets/Runemark Studio/Freebies/Polygon Desert Pack/Prefabs/rock01.prefab using Guid(3e63f970932e56649b966445efd75396) Importer(815301076,1909f56bfc062723c751e8b465ee728b)  -> (artifact id: 'da1e6ea55bd7e93b5a86a5d8ba921c35') in 0.014236 seconds
  Import took 0.024333 seconds .

========================================================================
Received Import Request.
  Time since last request: 0.000312 seconds.
  path: Assets/Runemark Studio/Freebies/Polygon Desert Pack/Prefabs/rock02.prefab
  artifactKey: Guid(91af7a3706671b943974b6ef43812fab) Importer(815301076,1909f56bfc062723c751e8b465ee728b)
Start importing Assets/Runemark Studio/Freebies/Polygon Desert Pack/Prefabs/rock02.prefab using Guid(91af7a3706671b943974b6ef43812fab) Importer(815301076,1909f56bfc062723c751e8b465ee728b)  -> (artifact id: '068d4be52333dc51d1c3f6efb2c1dd4f') in 0.024975 seconds
  Import took 0.033807 seconds .

========================================================================
Received Import Request.
  Time since last request: 0.000318 seconds.
  path: Assets/Runemark Studio/Freebies/Polygon Desert Pack/Prefabs/rock04.prefab
  artifactKey: Guid(37d65ed67498b304ea4da8a6b7c2d9b4) Importer(815301076,1909f56bfc062723c751e8b465ee728b)
Start importing Assets/Runemark Studio/Freebies/Polygon Desert Pack/Prefabs/rock04.prefab using Guid(37d65ed67498b304ea4da8a6b7c2d9b4) Importer(815301076,1909f56bfc062723c751e8b465ee728b)  -> (artifact id: '7c5e582a6173e9984b6765688441357a') in 0.014648 seconds
  Import took 0.023654 seconds .

========================================================================
Received Import Request.
  Time since last request: 0.000330 seconds.
  path: Assets/Runemark Studio/Freebies/Polygon Desert Pack/Prefabs/rock05.prefab
  artifactKey: Guid(bf07739386a93f443b373a919b97fbe7) Importer(815301076,1909f56bfc062723c751e8b465ee728b)
Start importing Assets/Runemark Studio/Freebies/Polygon Desert Pack/Prefabs/rock05.prefab using Guid(bf07739386a93f443b373a919b97fbe7) Importer(815301076,1909f56bfc062723c751e8b465ee728b)  -> (artifact id: 'a41c8d313a13550611df6c72c29cee00') in 0.013878 seconds
  Import took 0.025053 seconds .

========================================================================
Received Import Request.
  Time since last request: 0.000431 seconds.
  path: Assets/Runemark Studio/Freebies/Polygon Desert Pack/Prefabs/Cactus3.prefab
  artifactKey: Guid(50294217694c1a145a9a3b86f853c022) Importer(815301076,1909f56bfc062723c751e8b465ee728b)
Start importing Assets/Runemark Studio/Freebies/Polygon Desert Pack/Prefabs/Cactus3.prefab using Guid(50294217694c1a145a9a3b86f853c022) Importer(815301076,1909f56bfc062723c751e8b465ee728b)  -> (artifact id: '8ba2c3362f140d8f6589d854a5b41409') in 0.014272 seconds
  Import took 0.023582 seconds .

========================================================================
Received Import Request.
  Time since last request: 0.000494 seconds.
  path: Assets/Runemark Studio/Freebies/Polygon Desert Pack/Prefabs/rock06.prefab
  artifactKey: Guid(b7bdd751d1270e14291b000d68d117c1) Importer(815301076,1909f56bfc062723c751e8b465ee728b)
Start importing Assets/Runemark Studio/Freebies/Polygon Desert Pack/Prefabs/rock06.prefab using Guid(b7bdd751d1270e14291b000d68d117c1) Importer(815301076,1909f56bfc062723c751e8b465ee728b)  -> (artifact id: '86833c6620bad4621fba32fec162bd21') in 0.014927 seconds
  Import took 0.021649 seconds .

========================================================================
Received Import Request.
  Time since last request: 0.000326 seconds.
  path: Assets/Runemark Studio/Freebies/Polygon Desert Pack/Prefabs/rock08.prefab
  artifactKey: Guid(a45f923de9555884cbe160883ce87a74) Importer(815301076,1909f56bfc062723c751e8b465ee728b)
Start importing Assets/Runemark Studio/Freebies/Polygon Desert Pack/Prefabs/rock08.prefab using Guid(a45f923de9555884cbe160883ce87a74) Importer(815301076,1909f56bfc062723c751e8b465ee728b)  -> (artifact id: 'f65663a88f2c9f8edeb15f7446032d85') in 0.018770 seconds
  Import took 0.028750 seconds .

========================================================================
Received Import Request.
  Time since last request: 0.000515 seconds.
  path: Assets/Runemark Studio/Freebies/Polygon Desert Pack/Prefabs/rock07.prefab
  artifactKey: Guid(802bd3dc24c20394ca2037c1b9c882a0) Importer(815301076,1909f56bfc062723c751e8b465ee728b)
Start importing Assets/Runemark Studio/Freebies/Polygon Desert Pack/Prefabs/rock07.prefab using Guid(802bd3dc24c20394ca2037c1b9c882a0) Importer(815301076,1909f56bfc062723c751e8b465ee728b)  -> (artifact id: '15b0ebf21c6fdc2d8c268cbe7af1e8f8') in 0.012304 seconds
  Import took 0.022202 seconds .

========================================================================
Received Import Request.
  Time since last request: 0.000384 seconds.
  path: Assets/Runemark Studio/Freebies/Polygon Desert Pack/Prefabs/Cactus2.prefab
  artifactKey: Guid(65da5bb2d6e288b41baa018d8fec58f3) Importer(815301076,1909f56bfc062723c751e8b465ee728b)
Start importing Assets/Runemark Studio/Freebies/Polygon Desert Pack/Prefabs/Cactus2.prefab using Guid(65da5bb2d6e288b41baa018d8fec58f3) Importer(815301076,1909f56bfc062723c751e8b465ee728b)  -> (artifact id: '5dc951fca56650ee19537801d2a5cbbe') in 0.017900 seconds
  Import took 0.027554 seconds .

========================================================================
Received Import Request.
  Time since last request: 0.000334 seconds.
  path: Assets/Runemark Studio/Freebies/Polygon Desert Pack/Prefabs/Cactus1.prefab
  artifactKey: Guid(575780dd1f55b7941803be0767c1e36e) Importer(815301076,1909f56bfc062723c751e8b465ee728b)
Start importing Assets/Runemark Studio/Freebies/Polygon Desert Pack/Prefabs/Cactus1.prefab using Guid(575780dd1f55b7941803be0767c1e36e) Importer(815301076,1909f56bfc062723c751e8b465ee728b)  -> (artifact id: 'ef981ffe048a35e90b6f4e781f545837') in 0.018143 seconds
  Import took 0.026332 seconds .

========================================================================
Received Import Request.
  Time since last request: 5.272546 seconds.
  path: Assets/UAV Trident
  artifactKey: Guid(103da9a861b34c240807d4d3f5e71aed) Importer(815301076,1909f56bfc062723c751e8b465ee728b)
Start importing Assets/UAV Trident using Guid(103da9a861b34c240807d4d3f5e71aed) Importer(815301076,1909f56bfc062723c751e8b465ee728b)  -> (artifact id: 'eb02a2022d03ead7eed9e89a4ad864f6') in 0.002009 seconds
  Import took 0.010881 seconds .

========================================================================
Received Import Request.
  Time since last request: 1.228415 seconds.
  path: Assets/UAV Trident/Prefab
  artifactKey: Guid(e92dcae1b23141a418ff87171bfbf022) Importer(815301076,1909f56bfc062723c751e8b465ee728b)
Start importing Assets/UAV Trident/Prefab using Guid(e92dcae1b23141a418ff87171bfbf022) Importer(815301076,1909f56bfc062723c751e8b465ee728b)  -> (artifact id: '52ca380b38f881560949d19ee7044c88') in 0.002615 seconds
  Import took 0.010178 seconds .

========================================================================
Received Import Request.
  Time since last request: 0.068483 seconds.
  path: Assets/UAV Trident/Prefab/UAV Trident.prefab
  artifactKey: Guid(32303dc3554fcfc419798a1f0235187f) Importer(815301076,1909f56bfc062723c751e8b465ee728b)
Start importing Assets/UAV Trident/Prefab/UAV Trident.prefab using Guid(32303dc3554fcfc419798a1f0235187f) Importer(815301076,1909f56bfc062723c751e8b465ee728b)  -> (artifact id: '7365b78e3d15874a31d60e395c4c2f1b') in 0.049479 seconds
  Import took 0.059373 seconds .

========================================================================
Received Import Request.
  Time since last request: 2.545833 seconds.
  path: Assets/SCiFiMusicPackLight
  artifactKey: Guid(7f2260639ae624746be15b57856d386f) Importer(815301076,1909f56bfc062723c751e8b465ee728b)
Start importing Assets/SCiFiMusicPackLight using Guid(7f2260639ae624746be15b57856d386f) Importer(815301076,1909f56bfc062723c751e8b465ee728b)  -> (artifact id: '7c51533ca66dabeea51f7c103c9892ee') in 0.002041 seconds
  Import took 0.009844 seconds .

========================================================================
Received Import Request.
  Time since last request: 0.064154 seconds.
  path: Assets/SCiFiMusicPackLight/7_SciFiAmbient.mp3
  artifactKey: Guid(40ad187068acfca44a9bf5d80fa111ee) Importer(815301076,1909f56bfc062723c751e8b465ee728b)
Start importing Assets/SCiFiMusicPackLight/7_SciFiAmbient.mp3 using Guid(40ad187068acfca44a9bf5d80fa111ee) Importer(815301076,1909f56bfc062723c751e8b465ee728b)  -> (artifact id: '540a303c51a10e693de018fcfd8d006c') in 0.050737 seconds
  Import took 0.059590 seconds .

========================================================================
Received Import Request.
  Time since last request: 0.000410 seconds.
  path: Assets/SCiFiMusicPackLight/23_AmbientHeavy.mp3
  artifactKey: Guid(578f2643649f8ab4a9c925da1aec3993) Importer(815301076,1909f56bfc062723c751e8b465ee728b)
Start importing Assets/SCiFiMusicPackLight/23_AmbientHeavy.mp3 using Guid(578f2643649f8ab4a9c925da1aec3993) Importer(815301076,1909f56bfc062723c751e8b465ee728b)  -> (artifact id: '547619b8439c899dbefee69c97cae4fe') in 0.021903 seconds
  Import took 0.031253 seconds .

========================================================================
Received Import Request.
  Time since last request: 0.000430 seconds.
  path: Assets/SCiFiMusicPackLight/29_Surfing On The Sun.mp3
  artifactKey: Guid(3912d92666371a049a5b323d19b63997) Importer(815301076,1909f56bfc062723c751e8b465ee728b)
Start importing Assets/SCiFiMusicPackLight/29_Surfing On The Sun.mp3 using Guid(3912d92666371a049a5b323d19b63997) Importer(815301076,1909f56bfc062723c751e8b465ee728b)  -> (artifact id: '80c74c2d71bf514558e6645ac4470bd1') in 0.016119 seconds
  Import took 0.023224 seconds .

========================================================================
Received Import Request.
  Time since last request: 0.000507 seconds.
  path: Assets/SCiFiMusicPackLight/27_Dark Synnergy.mp3
  artifactKey: Guid(aa3979bda6ddb174ba128dbcac3ed5a4) Importer(815301076,1909f56bfc062723c751e8b465ee728b)
Start importing Assets/SCiFiMusicPackLight/27_Dark Synnergy.mp3 using Guid(aa3979bda6ddb174ba128dbcac3ed5a4) Importer(815301076,1909f56bfc062723c751e8b465ee728b)  -> (artifact id: '58fcc3dc0ba54032400d7fb3eb8f28fa') in 0.013212 seconds
  Import took 0.020709 seconds .

========================================================================
Received Import Request.
  Time since last request: 0.000403 seconds.
  path: Assets/SCiFiMusicPackLight/25_BlueWater Warning.mp3
  artifactKey: Guid(e2258d67391b1b34591057263476a379) Importer(815301076,1909f56bfc062723c751e8b465ee728b)
Start importing Assets/SCiFiMusicPackLight/25_BlueWater Warning.mp3 using Guid(e2258d67391b1b34591057263476a379) Importer(815301076,1909f56bfc062723c751e8b465ee728b)  -> (artifact id: '269d88ddb0669b5dd6016bac716e81f1') in 0.014752 seconds
  Import took 0.024753 seconds .

========================================================================
Received Import Request.
  Time since last request: 0.000308 seconds.
  path: Assets/SCiFiMusicPackLight/20_SciFiAlert.mp3
  artifactKey: Guid(f61da675a4a8a03469b8bc81cb5f51ab) Importer(815301076,1909f56bfc062723c751e8b465ee728b)
Start importing Assets/SCiFiMusicPackLight/20_SciFiAlert.mp3 using Guid(f61da675a4a8a03469b8bc81cb5f51ab) Importer(815301076,1909f56bfc062723c751e8b465ee728b)  -> (artifact id: '2638cd0c0a4eedf1960663d19734717b') in 0.021461 seconds
  Import took 0.029516 seconds .

========================================================================
Received Import Request.
  Time since last request: 0.000359 seconds.
  path: Assets/SCiFiMusicPackLight/25_BlueWater Warning.mp3
  artifactKey: Guid(e2258d67391b1b34591057263476a379) Importer(815301076,1909f56bfc062723c751e8b465ee728b)
Start importing Assets/SCiFiMusicPackLight/25_BlueWater Warning.mp3 using Guid(e2258d67391b1b34591057263476a379) Importer(815301076,1909f56bfc062723c751e8b465ee728b)  -> (artifact id: '269d88ddb0669b5dd6016bac716e81f1') in 0.014692 seconds
  Import took 0.023042 seconds .

========================================================================
Received Import Request.
  Time since last request: 29.624366 seconds.
  path: Assets/UI
  artifactKey: Guid(acb9ce1c10629f8479062ec6ae137971) Importer(815301076,1909f56bfc062723c751e8b465ee728b)
Start importing Assets/UI using Guid(acb9ce1c10629f8479062ec6ae137971) Importer(815301076,1909f56bfc062723c751e8b465ee728b)  -> (artifact id: 'b916916e2cf793ecef6e00afa37ca16e') in 0.001887 seconds
  Import took 0.007330 seconds .

========================================================================
Received Import Request.
  Time since last request: 0.057717 seconds.
  path: Assets/UI/Button.png
  artifactKey: Guid(66f2b938ba91a2c4db04f58238cd0425) Importer(815301076,1909f56bfc062723c751e8b465ee728b)
Start importing Assets/UI/Button.png using Guid(66f2b938ba91a2c4db04f58238cd0425) Importer(815301076,1909f56bfc062723c751e8b465ee728b)  -> (artifact id: 'd9a0496cec3fc0841923f6d159a0a163') in 0.069066 seconds
  Import took 0.076958 seconds .

========================================================================
Received Import Request.
  Time since last request: 0.000318 seconds.
  path: Assets/UI/Item2.png
  artifactKey: Guid(ba6a1665a724c2846bc8dc04167f4e3f) Importer(815301076,1909f56bfc062723c751e8b465ee728b)
Start importing Assets/UI/Item2.png using Guid(ba6a1665a724c2846bc8dc04167f4e3f) Importer(815301076,1909f56bfc062723c751e8b465ee728b)  -> (artifact id: '26aed6b3c7ff82a5c726d787db442199') in 0.047153 seconds
  Import took 0.054299 seconds .

========================================================================
Received Import Request.
  Time since last request: 0.000493 seconds.
  path: Assets/UI/Fill2.png
  artifactKey: Guid(71cd33315a6061740a4ad44ff80e4ec1) Importer(815301076,1909f56bfc062723c751e8b465ee728b)
Start importing Assets/UI/Fill2.png using Guid(71cd33315a6061740a4ad44ff80e4ec1) Importer(815301076,1909f56bfc062723c751e8b465ee728b)  -> (artifact id: 'a88b57a35f9b4b12382af0b08f94fc94') in 0.013999 seconds
  Import took 0.022194 seconds .

========================================================================
Received Import Request.
  Time since last request: 0.000313 seconds.
  path: Assets/UI/Item.png
  artifactKey: Guid(f3138dda936ed4240979739bee79f3db) Importer(815301076,1909f56bfc062723c751e8b465ee728b)
Start importing Assets/UI/Item.png using Guid(f3138dda936ed4240979739bee79f3db) Importer(815301076,1909f56bfc062723c751e8b465ee728b)  -> (artifact id: '713a71feaa16f34ae00a24ef17a9f641') in 0.052440 seconds
  Import took 0.059711 seconds .

========================================================================
Received Import Request.
  Time since last request: 0.000283 seconds.
  path: Assets/UI/Fill1.png
  artifactKey: Guid(8e1d1c342f4f9904293f50ee32928ac5) Importer(815301076,1909f56bfc062723c751e8b465ee728b)
Start importing Assets/UI/Fill1.png using Guid(8e1d1c342f4f9904293f50ee32928ac5) Importer(815301076,1909f56bfc062723c751e8b465ee728b)  -> (artifact id: '33ad219f1eb883d58d9887ba6355d7e2') in 0.011022 seconds
  Import took 0.018930 seconds .

========================================================================
Received Import Request.
  Time since last request: 12.355856 seconds.
  path: Assets/Textures
  artifactKey: Guid(b2bd2ae0ce9a8444292b277c2b03bbf6) Importer(815301076,1909f56bfc062723c751e8b465ee728b)
Start importing Assets/Textures using Guid(b2bd2ae0ce9a8444292b277c2b03bbf6) Importer(815301076,1909f56bfc062723c751e8b465ee728b)  -> (artifact id: '1c01c980ca454e1e2ad3d48f2ce9099f') in 0.002056 seconds
  Import took 0.007987 seconds .

========================================================================
Received Import Request.
  Time since last request: 0.058856 seconds.
  path: Assets/Textures/circle_05.png
  artifactKey: Guid(475095f6eabd8764088f6f2ad86132fd) Importer(815301076,1909f56bfc062723c751e8b465ee728b)
Start importing Assets/Textures/circle_05.png using Guid(475095f6eabd8764088f6f2ad86132fd) Importer(815301076,1909f56bfc062723c751e8b465ee728b)  -> (artifact id: 'fc0788233f2bd3192714d330804d85f7') in 0.013519 seconds
  Import took 0.020695 seconds .

========================================================================
Received Import Request.
  Time since last request: 0.000299 seconds.
  path: Assets/Textures/LensDirt00.png
  artifactKey: Guid(7353d318830d65a4bb6df8fe76afcae2) Importer(815301076,1909f56bfc062723c751e8b465ee728b)
Start importing Assets/Textures/LensDirt00.png using Guid(7353d318830d65a4bb6df8fe76afcae2) Importer(815301076,1909f56bfc062723c751e8b465ee728b)  -> (artifact id: '4de7c6a705e3593bb0e39974556c3fa2') in 0.024404 seconds
  Import took 0.029278 seconds .

========================================================================
Received Import Request.
  Time since last request: 0.000297 seconds.
  path: Assets/Textures/LensDirt02.png
  artifactKey: Guid(4c96b04290bf7fc4e947a0f7bdc98a5c) Importer(815301076,1909f56bfc062723c751e8b465ee728b)
Start importing Assets/Textures/LensDirt02.png using Guid(4c96b04290bf7fc4e947a0f7bdc98a5c) Importer(815301076,1909f56bfc062723c751e8b465ee728b)  -> (artifact id: '593d46c390ad2a41523a47ee48ae68f2') in 0.022142 seconds
  Import took 0.028268 seconds .

========================================================================
Received Import Request.
  Time since last request: 0.000297 seconds.
  path: Assets/Textures/LensDirt01.png
  artifactKey: Guid(5f404308c701b484fbb791a7115823dd) Importer(815301076,1909f56bfc062723c751e8b465ee728b)
Start importing Assets/Textures/LensDirt01.png using Guid(5f404308c701b484fbb791a7115823dd) Importer(815301076,1909f56bfc062723c751e8b465ee728b)  -> (artifact id: 'cc8f40a269fc1fcaa83cd57730decc83') in 0.016639 seconds
  Import took 0.027176 seconds .

========================================================================
Received Import Request.
  Time since last request: 0.000287 seconds.
  path: Assets/Textures/LensDirt03.png
  artifactKey: Guid(134efb9dbd50d8444be81d17f55a80a5) Importer(815301076,1909f56bfc062723c751e8b465ee728b)
Start importing Assets/Textures/LensDirt03.png using Guid(134efb9dbd50d8444be81d17f55a80a5) Importer(815301076,1909f56bfc062723c751e8b465ee728b)  -> (artifact id: 'd1dfc2b58caaa803ff02be4f568db5b0') in 0.018468 seconds
  Import took 0.024804 seconds .

========================================================================
Received Import Request.
  Time since last request: 0.000292 seconds.
  path: Assets/Textures/LensDirt02.png
  artifactKey: Guid(4c96b04290bf7fc4e947a0f7bdc98a5c) Importer(815301076,1909f56bfc062723c751e8b465ee728b)
Start importing Assets/Textures/LensDirt02.png using Guid(4c96b04290bf7fc4e947a0f7bdc98a5c) Importer(815301076,1909f56bfc062723c751e8b465ee728b)  -> (artifact id: '593d46c390ad2a41523a47ee48ae68f2') in 0.017477 seconds
  Import took 0.024748 seconds .

========================================================================
Received Import Request.
  Time since last request: 0.000354 seconds.
  path: Assets/Textures/LensDirt03.png
  artifactKey: Guid(134efb9dbd50d8444be81d17f55a80a5) Importer(815301076,1909f56bfc062723c751e8b465ee728b)
Start importing Assets/Textures/LensDirt03.png using Guid(134efb9dbd50d8444be81d17f55a80a5) Importer(815301076,1909f56bfc062723c751e8b465ee728b)  -> (artifact id: 'd1dfc2b58caaa803ff02be4f568db5b0') in 0.008920 seconds
  Import took 0.015100 seconds .

